2021-02-28 16:46:44,166 [Worker-3] INFO  c.g.t.t.d.PublishedGradleVersions - Gradle version information cache is up-to-date. Trying to read.
2021-02-28 16:49:35,554 [Worker-10] INFO  o.e.m.c.i.l.LifecycleMappingFactory - Using org.eclipse.m2e.jdt.JarLifecycleMapping lifecycle mapping for MavenProject: com.labcorp:labcorpnew:0.0.1-SNAPSHOT @ C:\Users\Ranjeet\workspace\Labcorp\labcorpnew\pom.xml.
2021-02-28 16:49:39,773 [Worker-10] WARN  o.e.m.c.i.embedder.EclipseLogger - Using platform encoding (Cp1252 actually) to copy filtered resources, i.e. build is platform dependent!
2021-02-28 16:49:39,787 [Worker-10] INFO  o.e.m.c.i.embedder.EclipseLogger - Copying 0 resource
2021-02-28 16:49:39,791 [Worker-10] WARN  o.e.m.c.i.embedder.EclipseLogger - Using platform encoding (Cp1252 actually) to copy filtered resources, i.e. build is platform dependent!
2021-02-28 16:49:39,802 [Worker-10] INFO  o.e.m.c.i.embedder.EclipseLogger - Copying 0 resource
2021-02-28 16:49:41,499 [Worker-9] WARN  o.e.m.c.i.embedder.EclipseLogger - Using platform encoding (Cp1252 actually) to copy filtered resources, i.e. build is platform dependent!
2021-02-28 16:49:41,514 [Worker-9] INFO  o.e.m.c.i.embedder.EclipseLogger - Copying 0 resource
2021-02-28 16:49:41,516 [Worker-9] WARN  o.e.m.c.i.embedder.EclipseLogger - Using platform encoding (Cp1252 actually) to copy filtered resources, i.e. build is platform dependent!
2021-02-28 16:49:41,532 [Worker-9] INFO  o.e.m.c.i.embedder.EclipseLogger - Copying 0 resource
2021-02-28 16:49:56,147 [Worker-3] INFO  o.e.m.i.launch.MavenLaunchDelegate - C:\Users\Ranjeet\workspace\Labcorp\labcorpnew
2021-02-28 16:49:56,148 [Worker-3] INFO  o.e.m.i.launch.MavenLaunchDelegate -  mvn -B clean
2021-02-28 16:49:59,027 [Worker-14] WARN  o.e.m.c.i.embedder.EclipseLogger - Using platform encoding (Cp1252 actually) to copy filtered resources, i.e. build is platform dependent!
2021-02-28 16:49:59,042 [Worker-14] INFO  o.e.m.c.i.embedder.EclipseLogger - Copying 0 resource
2021-02-28 16:49:59,061 [Worker-14] WARN  o.e.m.c.i.embedder.EclipseLogger - Using platform encoding (Cp1252 actually) to copy filtered resources, i.e. build is platform dependent!
2021-02-28 16:49:59,071 [Worker-14] INFO  o.e.m.c.i.embedder.EclipseLogger - Copying 0 resource
2021-02-28 16:50:28,308 [main] INFO  o.e.m2e.actions.ExecutePomAction - Creating new launch configuration
2021-02-28 16:53:10,640 [Worker-2] INFO  c.g.t.t.d.PublishedGradleVersions - Gradle version information cache is up-to-date. Trying to read.
2021-02-28 16:54:44,734 [Worker-6] INFO  o.e.m.c.i.l.LifecycleMappingFactory - Using org.eclipse.m2e.jdt.JarLifecycleMapping lifecycle mapping for MavenProject: com.labcorp:labcorpnew:0.0.1-SNAPSHOT @ C:\Users\Ranjeet\workspace\Labcorp\labcorpnew\pom.xml.
2021-02-28 16:54:45,858 [Worker-6] WARN  o.e.m.c.i.embedder.EclipseLogger - Using platform encoding (Cp1252 actually) to copy filtered resources, i.e. build is platform dependent!
2021-02-28 16:54:45,873 [Worker-6] INFO  o.e.m.c.i.embedder.EclipseLogger - Copying 0 resource
2021-02-28 16:54:45,877 [Worker-6] WARN  o.e.m.c.i.embedder.EclipseLogger - Using platform encoding (Cp1252 actually) to copy filtered resources, i.e. build is platform dependent!
2021-02-28 16:54:45,892 [Worker-6] INFO  o.e.m.c.i.embedder.EclipseLogger - Copying 0 resource
2021-02-28 16:54:53,309 [main] INFO  o.e.m2e.actions.ExecutePomAction - Creating new launch configuration
2021-02-28 16:55:07,120 [Worker-12] INFO  o.e.m.i.launch.MavenLaunchDelegate - C:\Users\Ranjeet\workspace\Labcorp\labcorpnew
2021-02-28 16:55:07,121 [Worker-12] INFO  o.e.m.i.launch.MavenLaunchDelegate -  mvn -B clean
2021-02-28 16:55:10,042 [Worker-11] WARN  o.e.m.c.i.embedder.EclipseLogger - Using platform encoding (Cp1252 actually) to copy filtered resources, i.e. build is platform dependent!
2021-02-28 16:55:10,059 [Worker-11] INFO  o.e.m.c.i.embedder.EclipseLogger - Copying 0 resource
2021-02-28 16:55:10,061 [Worker-11] WARN  o.e.m.c.i.embedder.EclipseLogger - Using platform encoding (Cp1252 actually) to copy filtered resources, i.e. build is platform dependent!
2021-02-28 16:55:10,074 [Worker-11] INFO  o.e.m.c.i.embedder.EclipseLogger - Copying 0 resource
2021-02-28 16:55:25,282 [Worker-7] INFO  o.e.m.i.launch.MavenLaunchDelegate - C:\Users\Ranjeet\workspace\Labcorp\labcorpnew
2021-02-28 16:55:25,282 [Worker-7] INFO  o.e.m.i.launch.MavenLaunchDelegate -  mvn -B test
2021-02-28 16:56:30,277 [Worker-10] WARN  o.e.m.c.i.embedder.EclipseLogger - Using platform encoding (Cp1252 actually) to copy filtered resources, i.e. build is platform dependent!
2021-02-28 16:56:30,316 [Worker-10] INFO  o.e.m.c.i.embedder.EclipseLogger - Copying 0 resource
2021-02-28 16:56:30,328 [Worker-10] WARN  o.e.m.c.i.embedder.EclipseLogger - Using platform encoding (Cp1252 actually) to copy filtered resources, i.e. build is platform dependent!
2021-02-28 16:56:30,357 [Worker-10] INFO  o.e.m.c.i.embedder.EclipseLogger - Copying 0 resource
